d:\clouds\onedrive\github\-2016-std11-14-stl-nokiarecruit-\recollection_console\debug\recollection_console.pch
d:\clouds\onedrive\github\-2016-std11-14-stl-nokiarecruit-\recollection_console\debug\vc140.pdb
d:\clouds\onedrive\github\-2016-std11-14-stl-nokiarecruit-\recollection_console\debug\vc140.idb
d:\clouds\onedrive\github\-2016-std11-14-stl-nokiarecruit-\recollection_console\debug\stdafx.obj
d:\clouds\onedrive\github\-2016-std11-14-stl-nokiarecruit-\recollection_console\debug\recollection_console.obj
d:\clouds\onedrive\github\-2016-std11-14-stl-nokiarecruit-\recollection_console\debug\scopedenums.obj
d:\clouds\onedrive\github\-2016-std11-14-stl-nokiarecruit-\recollection_console\debug\typetraits.obj
d:\clouds\onedrive\github\-2016-std11-14-stl-nokiarecruit-\recollection_console\debug\conversions.obj
d:\clouds\onedrive\github\-2016-std11-14-stl-nokiarecruit-\recollection_console\debug\ownstreammanipulator.obj
d:\clouds\onedrive\github\-2016-std11-14-stl-nokiarecruit-\recollection_console\debug\recollection_console.vcxprojresolveassemblyreference.cache
d:\clouds\onedrive\github\-2016-std11-14-stl-nokiarecruit-\recollection_console\debug\recollection_console.obj.enc
d:\clouds\onedrive\github\-2016-std11-14-stl-nokiarecruit-\recollection_console\debug\recollec.26c72987.tlog\cl.command.1.tlog
d:\clouds\onedrive\github\-2016-std11-14-stl-nokiarecruit-\recollection_console\debug\recollec.26c72987.tlog\cl.read.1.tlog
d:\clouds\onedrive\github\-2016-std11-14-stl-nokiarecruit-\recollection_console\debug\recollec.26c72987.tlog\cl.write.1.tlog
d:\clouds\onedrive\github\-2016-std11-14-stl-nokiarecruit-\recollection_console\debug\recollec.26c72987.tlog\link-cvtres.read.1.tlog
d:\clouds\onedrive\github\-2016-std11-14-stl-nokiarecruit-\recollection_console\debug\recollec.26c72987.tlog\link-cvtres.write.1.tlog
d:\clouds\onedrive\github\-2016-std11-14-stl-nokiarecruit-\recollection_console\debug\recollec.26c72987.tlog\link-rc.read.1.tlog
d:\clouds\onedrive\github\-2016-std11-14-stl-nokiarecruit-\recollection_console\debug\recollec.26c72987.tlog\link-rc.write.1.tlog
d:\clouds\onedrive\github\-2016-std11-14-stl-nokiarecruit-\recollection_console\debug\recollec.26c72987.tlog\link.16860-cvtres.read.1.tlog
d:\clouds\onedrive\github\-2016-std11-14-stl-nokiarecruit-\recollection_console\debug\recollec.26c72987.tlog\link.16860-cvtres.write.1.tlog
d:\clouds\onedrive\github\-2016-std11-14-stl-nokiarecruit-\recollection_console\debug\recollec.26c72987.tlog\link.16860-rc.read.1.tlog
d:\clouds\onedrive\github\-2016-std11-14-stl-nokiarecruit-\recollection_console\debug\recollec.26c72987.tlog\link.16860-rc.write.1.tlog
d:\clouds\onedrive\github\-2016-std11-14-stl-nokiarecruit-\recollection_console\debug\recollec.26c72987.tlog\link.16860.read.1.tlog
d:\clouds\onedrive\github\-2016-std11-14-stl-nokiarecruit-\recollection_console\debug\recollec.26c72987.tlog\link.16860.write.1.tlog
d:\clouds\onedrive\github\-2016-std11-14-stl-nokiarecruit-\recollection_console\debug\recollec.26c72987.tlog\link.command.1.tlog
d:\clouds\onedrive\github\-2016-std11-14-stl-nokiarecruit-\recollection_console\debug\recollec.26c72987.tlog\link.read.1.tlog
d:\clouds\onedrive\github\-2016-std11-14-stl-nokiarecruit-\recollection_console\debug\recollec.26c72987.tlog\link.write.1.tlog
