d:\clouds\onedrive\github\-2016-std11-14-stl-nokiarecruit-\recollection_lib\debug\recollection_lib.pch
d:\clouds\onedrive\github\-2016-std11-14-stl-nokiarecruit-\recollection_lib\debug\recollection_lib.pdb
d:\clouds\onedrive\github\-2016-std11-14-stl-nokiarecruit-\recollection_lib\debug\recollection_lib.idb
d:\clouds\onedrive\github\-2016-std11-14-stl-nokiarecruit-\recollection_lib\debug\stdafx.obj
d:\clouds\onedrive\github\-2016-std11-14-stl-nokiarecruit-\recollection_lib\debug\filledshape.obj
d:\clouds\onedrive\github\-2016-std11-14-stl-nokiarecruit-\recollection_lib\debug\inheritfromprivateinheritance.obj
d:\clouds\onedrive\github\-2016-std11-14-stl-nokiarecruit-\recollection_lib\debug\inheritfromprotectedinheritance.obj
d:\clouds\onedrive\github\-2016-std11-14-stl-nokiarecruit-\recollection_lib\debug\privateinheritance.obj
d:\clouds\onedrive\github\-2016-std11-14-stl-nokiarecruit-\recollection_lib\debug\publicinheritance.obj
d:\clouds\onedrive\github\-2016-std11-14-stl-nokiarecruit-\recollection_lib\debug\shape.obj
d:\clouds\onedrive\github\-2016-std11-14-stl-nokiarecruit-\recollection_lib\debug\multiinheritance.obj
d:\clouds\onedrive\github\-2016-std11-14-stl-nokiarecruit-\recollection_lib\debug\someclass.obj
d:\clouds\onedrive\github\-2016-std11-14-stl-nokiarecruit-\recollection_lib\debug\variousfeatures.obj
d:\clouds\onedrive\github\-2016-std11-14-stl-nokiarecruit-\recollection_lib\debug\bat.obj
d:\clouds\onedrive\github\-2016-std11-14-stl-nokiarecruit-\recollection_lib\debug\animal.obj
d:\clouds\onedrive\github\-2016-std11-14-stl-nokiarecruit-\recollection_lib\debug\protectedinheritance.obj
d:\clouds\onedrive\github\-2016-std11-14-stl-nokiarecruit-\recollection_lib\debug\mammal.obj
d:\clouds\onedrive\github\-2016-std11-14-stl-nokiarecruit-\recollection_lib\debug\wingedanimal.obj
d:\clouds\onedrive\github\-2016-std11-14-stl-nokiarecruit-\recollection_lib\debug\recollection_lib.lib
d:\clouds\onedrive\github\-2016-std11-14-stl-nokiarecruit-\recollection_lib\debug\recollection_test.ilk
d:\clouds\onedrive\github\-2016-std11-14-stl-nokiarecruit-\recollection_lib\debug\recollection_test.exp
d:\clouds\onedrive\github\-2016-std11-14-stl-nokiarecruit-\recollection_lib\debug\recollection_test.pdb
d:\clouds\onedrive\github\-2016-std11-14-stl-nokiarecruit-\recollection_lib\debug\recollection_lib.tlog\cl.command.1.tlog
d:\clouds\onedrive\github\-2016-std11-14-stl-nokiarecruit-\recollection_lib\debug\recollection_lib.tlog\cl.read.1.tlog
d:\clouds\onedrive\github\-2016-std11-14-stl-nokiarecruit-\recollection_lib\debug\recollection_lib.tlog\cl.write.1.tlog
d:\clouds\onedrive\github\-2016-std11-14-stl-nokiarecruit-\recollection_lib\debug\recollection_lib.tlog\lib-link.read.1.tlog
d:\clouds\onedrive\github\-2016-std11-14-stl-nokiarecruit-\recollection_lib\debug\recollection_lib.tlog\lib-link.write.1.tlog
d:\clouds\onedrive\github\-2016-std11-14-stl-nokiarecruit-\recollection_lib\debug\recollection_lib.tlog\lib.command.1.tlog
